Arguments: 
  D:\node.exe C:\Users\Rapha\AppData\Roaming\npm\node_modules\yarn\bin\yarn.js init

PATH: 
  C:\Bureau\cmder\vendor\conemu-maximus5\ConEmu\Scripts;C:\Bureau\cmder\vendor\conemu-maximus5;C:\Bureau\cmder\vendor\conemu-maximus5\ConEmu;C:\Program Files (x86)\Razer Chroma SDK\bin;C:\Program Files\Razer Chroma SDK\bin;C:\Program Files (x86)\Razer\ChromaBroadcast\bin;C:\Program Files\Razer\ChromaBroadcast\bin;C:\windows\system32;C:\windows;C:\windows\System32\Wbem;C:\windows\System32\WindowsPowerShell\v1.0\;C:\windows\System32\OpenSSH\;C:\Program Files (x86)\NVIDIA Corporation\PhysX\Common;C:\Program Files\NVIDIA Corporation\NVIDIA NvDLISR;C:\WINDOWS\system32;C:\WINDOWS;C:\WINDOWS\System32\Wbem;C:\WINDOWS\System32\WindowsPowerShell\v1.0\;C:\WINDOWS\System32\OpenSSH\;C:\Users\Rapha\AppData\Local\Microsoft\WindowsApps;D:\;C:\Program Files\Git\cmd;C:\Program Files (x86)\dotnet\;C:\ProgramData\ComposerSetup\bin;C:\Program Files\dotnet\;C:\Users\Rapha\AppData\Local\pnpm;C:\Users\Rapha\scoop\shims;C:\Users\Rapha\AppData\Local\Programs\Microsoft VS Code\bin;C:\Users\Rapha\AppData\Roaming\npm;C:\Users\Rapha\AppData\Local\GitHubDesktop\bin;C:\Bureau\PHP7.4;C:\Users\Rapha\AppData\Roaming\Composer\vendor\bin;C:\Users\Rapha\AppData\Local\pnpm;C:\Users\Rapha\scoop\shims;C:\Users\Rapha\AppData\Local\Microsoft\WindowsApps;C:\Users\Rapha\AppData\Local\Programs\Microsoft VS Code\bin;C:\Users\Rapha\AppData\Roaming\npm;C:\Users\Rapha\AppData\Local\GitHubDesktop\bin;C:\Bureau\PHP7.4;C:\Users\Rapha\AppData\Roaming\Composer\vendor\bin;C:\Program Files\Git\mingw64\bin;C:\Program Files\Git\usr\bin;C:\Bureau\cmder\vendor\bin;C:\Bureau\cmder

Yarn version: 
  1.22.19

Node version: 
  16.13.2

Platform: 
  win32 x64

Trace: 
  Error: canceled
      at Interface.<anonymous> (C:\Users\Rapha\AppData\Roaming\npm\node_modules\yarn\lib\cli.js:137150:13)
      at Interface.emit (node:events:390:28)
      at Interface._ttyWrite (node:readline:1081:16)
      at ReadStream.onkeypress (node:readline:288:10)
      at ReadStream.emit (node:events:390:28)
      at emitKeys (node:internal/readline/utils:358:14)
      at emitKeys.next (<anonymous>)
      at ReadStream.onData (node:internal/readline/emitKeypressEvents:61:36)
      at ReadStream.emit (node:events:390:28)
      at addChunk (node:internal/streams/readable:315:12)

npm manifest: 
  No manifest

yarn manifest: 
  No manifest

Lockfile: 
  No lockfile
